============================= test session starts ==============================
platform linux -- Python 3.11.14, pytest-9.0.2, pluggy-1.6.0 -- /usr/local/bin/python
cachedir: .pytest_cache
rootdir: /home/user/KIDA_ADSIM
collecting ... collected 146 items

tests/test_adaptive_engagement.py::TestAdaptivePolicy::test_config_exists PASSED [  0%]
tests/test_adaptive_engagement.py::TestAdaptivePolicy::test_normal_mode_multi_engagement PASSED [  1%]
tests/test_adaptive_engagement.py::TestAdaptivePolicy::test_degraded_mode_single_engagement PASSED [  2%]
tests/test_adaptive_engagement.py::TestAdaptivePolicy::test_critical_mode_high_threat_only PASSED [  2%]
tests/test_adaptive_engagement.py::TestAdaptivePolicy::test_linear_uses_standard_policy PASSED [  3%]
tests/test_adaptive_engagement.py::TestCommDegradation::test_config_exists PASSED [  4%]
tests/test_adaptive_engagement.py::TestCommDegradation::test_link_latency_increases_with_jamming PASSED [  4%]
tests/test_adaptive_engagement.py::TestCommDegradation::test_link_failure_at_high_jamming PASSED [  5%]
tests/test_adaptive_engagement.py::TestCommDegradation::test_killweb_redundancy_factor PASSED [  6%]
tests/test_adaptive_engagement.py::TestCommDegradation::test_ew_scenario_comm_degradation PASSED [  6%]
tests/test_adaptive_engagement.py::TestSnapshots::test_snapshots_recorded_when_enabled PASSED [  7%]
tests/test_adaptive_engagement.py::TestSnapshots::test_snapshots_not_recorded_by_default PASSED [  8%]
tests/test_adaptive_engagement.py::TestSnapshots::test_snapshot_structure PASSED [  8%]
tests/test_agents.py::TestThreatFlightProfile::test_srbm_terminal_descent PASSED [  9%]
tests/test_agents.py::TestThreatFlightProfile::test_cruise_missile_low_altitude PASSED [ 10%]
tests/test_agents.py::TestSensorDetection::test_detect_out_of_range PASSED [ 10%]
tests/test_agents.py::TestSensorDetection::test_detection_factor_reduces_probability PASSED [ 11%]
tests/test_agents.py::TestShooterEngagement::test_cannot_engage_out_of_range PASSED [ 12%]
tests/test_agents.py::TestShooterEngagement::test_cannot_engage_no_ammo PASSED [ 13%]
tests/test_agents.py::TestShooterEngagement::test_pk_decreases_with_jamming PASSED [ 13%]
tests/test_cop_differentiation.py::TestCOPConfig::test_cop_config_exists PASSED [ 14%]
tests/test_cop_differentiation.py::TestCOPConfig::test_linear_cop_level PASSED [ 15%]
tests/test_cop_differentiation.py::TestCOPConfig::test_killweb_cop_level PASSED [ 15%]
tests/test_cop_differentiation.py::TestCOPConfig::test_min_fused_error_positive PASSED [ 16%]
tests/test_cop_differentiation.py::TestSensorFusion::test_fusion_error_reduction_formula PASSED [ 17%]
tests/test_cop_differentiation.py::TestSensorFusion::test_min_fused_error_floor PASSED [ 17%]
tests/test_cop_differentiation.py::TestSensorFusion::test_killweb_has_fused_tracks_after_run PASSED [ 18%]
tests/test_cop_differentiation.py::TestCOPContent::test_killweb_has_friendly_status PASSED [ 19%]
tests/test_cop_differentiation.py::TestCOPContent::test_linear_no_friendly_status_update PASSED [ 19%]
tests/test_cop_differentiation.py::TestCOPContent::test_killweb_has_engagement_plan PASSED [ 20%]
tests/test_cop_differentiation.py::TestCOPContent::test_friendly_status_contains_ammo_info PASSED [ 21%]
tests/test_edge_cases.py::TestAmmoExhaustion::test_all_shooters_no_ammo PASSED [ 21%]
tests/test_edge_cases.py::TestAmmoExhaustion::test_partial_ammo_exhaustion PASSED [ 22%]
tests/test_edge_cases.py::TestExtremeJamming::test_max_jamming_no_crash PASSED [ 23%]
tests/test_edge_cases.py::TestExtremeJamming::test_heavy_jamming_increases_leaker_rate PASSED [ 23%]
tests/test_edge_cases.py::TestNodeDestruction::test_scenario5_completes PASSED [ 24%]
tests/test_edge_cases.py::TestNodeDestruction::test_killweb_more_resilient_than_linear PASSED [ 25%]
tests/test_edge_cases.py::TestScenario4Reproducibility::test_same_seed_same_results PASSED [ 26%]
tests/test_edge_cases.py::TestScenario4Reproducibility::test_different_seed_different_results PASSED [ 26%]
tests/test_edge_cases.py::TestShooterScore3D::test_score_accounts_for_altitude PASSED [ 27%]
tests/test_edge_cases.py::TestConfigConstants::test_target_arrival_distance PASSED [ 28%]
tests/test_edge_cases.py::TestConfigConstants::test_effective_range_ratio PASSED [ 28%]
tests/test_edge_cases.py::TestConfigConstants::test_coverage_overlap_factor PASSED [ 29%]
tests/test_exporters.py::TestCZMLExporter::test_build_czml_nonempty PASSED [ 30%]
tests/test_exporters.py::TestCZMLExporter::test_document_packet PASSED   [ 30%]
tests/test_exporters.py::TestCZMLExporter::test_threat_packets_exist PASSED [ 31%]
tests/test_exporters.py::TestCZMLExporter::test_sensor_packets_exist PASSED [ 32%]
tests/test_exporters.py::TestCZMLExporter::test_export_file PASSED       [ 32%]
tests/test_exporters.py::TestCZMLExporter::test_to_json PASSED           [ 33%]
tests/test_exporters.py::TestCZMLExporter::test_empty_snapshots PASSED   [ 34%]
tests/test_exporters.py::TestCZMLExporter::test_defense_target_packet PASSED [ 34%]
tests/test_metrics.py::TestDefenseCoverage::test_coverage_nonzero_after_run PASSED [ 35%]
tests/test_metrics.py::TestDefenseCoverage::test_coverage_zero_with_no_shooters PASSED [ 36%]
tests/test_metrics.py::TestMetricBounds::test_leaker_rate_bounds PASSED  [ 36%]
tests/test_metrics.py::TestMetricBounds::test_s2s_time_nonnegative PASSED [ 37%]
tests/test_model.py::test_smoke_run[linear-scenario_1_saturation] PASSED [ 38%]
tests/test_model.py::test_smoke_run[linear-scenario_2_complex] PASSED    [ 39%]
tests/test_model.py::test_smoke_run[linear-scenario_3_ew_light] PASSED   [ 39%]
tests/test_model.py::test_smoke_run[linear-scenario_3_ew_moderate] PASSED [ 40%]
tests/test_model.py::test_smoke_run[linear-scenario_3_ew_heavy] PASSED   [ 41%]
tests/test_model.py::test_smoke_run[linear-scenario_4_sequential] PASSED [ 41%]
tests/test_model.py::test_smoke_run[linear-scenario_5_node_destruction] PASSED [ 42%]
tests/test_model.py::test_smoke_run[killweb-scenario_1_saturation] PASSED [ 43%]
tests/test_model.py::test_smoke_run[killweb-scenario_2_complex] PASSED   [ 43%]
tests/test_model.py::test_smoke_run[killweb-scenario_3_ew_light] PASSED  [ 44%]
tests/test_model.py::test_smoke_run[killweb-scenario_3_ew_moderate] PASSED [ 45%]
tests/test_model.py::test_smoke_run[killweb-scenario_3_ew_heavy] PASSED  [ 45%]
tests/test_model.py::test_smoke_run[killweb-scenario_4_sequential] PASSED [ 46%]
tests/test_model.py::test_smoke_run[killweb-scenario_5_node_destruction] PASSED [ 47%]
tests/test_model.py::test_scenario4_runs_past_1800s PASSED               [ 47%]
tests/test_model.py::test_scenario3_jamming_ordering PASSED              [ 48%]
tests/test_model.py::test_scenario1_reproducibility PASSED               [ 49%]
tests/test_multi_engagement.py::TestMultiEngagementConfig::test_max_simultaneous_shooters_in_config PASSED [ 50%]
tests/test_multi_engagement.py::TestMultiEngagementConfig::test_srbm_max_3_shooters PASSED [ 50%]
tests/test_multi_engagement.py::TestMultiEngagementConfig::test_cruise_missile_max_2_shooters PASSED [ 51%]
tests/test_multi_engagement.py::TestMultiEngagementConfig::test_aircraft_uas_max_1_shooter PASSED [ 52%]
tests/test_multi_engagement.py::TestMultiEngagementExecution::test_multi_engagement_metrics_recorded PASSED [ 52%]
tests/test_multi_engagement.py::TestMultiEngagementExecution::test_multi_engagement_occurs_for_high_priority PASSED [ 53%]
tests/test_multi_engagement.py::TestMultiEngagementExecution::test_multi_engagement_increases_ammo_usage PASSED [ 54%]
tests/test_multi_engagement.py::TestMultiEngagementExecution::test_no_double_destroy PASSED [ 54%]
tests/test_multi_engagement.py::TestMultiEngagementRegression::test_scenario1_completes_both_arch PASSED [ 55%]
tests/test_multi_engagement.py::TestMultiEngagementRegression::test_killweb_still_beats_linear_multi_seed PASSED [ 56%]
tests/test_multi_engagement.py::TestMultiEngagementRegression::test_jamming_level_explicit_override PASSED [ 56%]
tests/test_multi_engagement.py::TestMultiEngagementRegression::test_jamming_level_scenario_default PASSED [ 57%]
tests/test_ontology.py::TestCapabilities::test_detection_capability_valid PASSED [ 58%]
tests/test_ontology.py::TestCapabilities::test_detection_capability_invalid_range PASSED [ 58%]
tests/test_ontology.py::TestCapabilities::test_engagement_capability PASSED [ 59%]
tests/test_ontology.py::TestCapabilities::test_c2_capability PASSED      [ 60%]
tests/test_ontology.py::TestCapabilities::test_threat_capability PASSED  [ 60%]
tests/test_ontology.py::TestEntityTypes::test_sensor_type PASSED         [ 61%]
tests/test_ontology.py::TestEntityTypes::test_c2_type PASSED             [ 62%]
tests/test_ontology.py::TestEntityTypes::test_shooter_type PASSED        [ 63%]
tests/test_ontology.py::TestEntityTypes::test_threat_type PASSED         [ 63%]
tests/test_ontology.py::TestEntityTypes::test_sensor_type_no_reporting PASSED [ 64%]
tests/test_ontology.py::TestEntityTypes::test_entity_type_missing_field PASSED [ 65%]
tests/test_ontology.py::TestFlightProfile::test_flight_phase PASSED      [ 65%]
tests/test_ontology.py::TestFlightProfile::test_flight_profile PASSED    [ 66%]
tests/test_ontology.py::TestScenarioSchema::test_wave_spec PASSED        [ 67%]
tests/test_ontology.py::TestScenarioSchema::test_scenario_schema PASSED  [ 67%]
tests/test_registry.py::TestRegistryLoad::test_load_sensors PASSED       [ 68%]
tests/test_registry.py::TestRegistryLoad::test_load_all_sensors PASSED   [ 69%]
tests/test_registry.py::TestRegistryLoad::test_load_c2_types PASSED      [ 69%]
tests/test_registry.py::TestRegistryLoad::test_load_shooters PASSED      [ 70%]
tests/test_registry.py::TestRegistryLoad::test_load_threats PASSED       [ 71%]
tests/test_registry.py::TestRegistryLoad::test_load_all_threat_types PASSED [ 71%]
tests/test_registry.py::TestRegistryLoad::test_missing_type_raises PASSED [ 72%]
tests/test_registry.py::TestTopologyRelations::test_sensor_reporting_c2 PASSED [ 73%]
tests/test_registry.py::TestTopologyRelations::test_shooter_controlling_c2 PASSED [ 73%]
tests/test_registry.py::TestTopologyRelations::test_c2_hierarchy PASSED  [ 74%]
tests/test_registry.py::TestTopologyRelations::test_sensors_for_c2 PASSED [ 75%]
tests/test_registry.py::TestTopologyRelations::test_shooters_for_c2 PASSED [ 76%]
tests/test_registry.py::TestTopologyRelations::test_child_c2_types PASSED [ 76%]
tests/test_registry.py::TestPkQueries::test_compatible_shooters_srbm PASSED [ 77%]
tests/test_registry.py::TestPkQueries::test_prioritized_shooters_srbm PASSED [ 78%]
tests/test_registry.py::TestPkQueries::test_prioritized_shooters_uas PASSED [ 78%]
tests/test_registry.py::TestPkQueries::test_compatible_empty_for_unknown PASSED [ 79%]
tests/test_slant_range.py::test_same_position_same_altitude PASSED       [ 80%]
tests/test_slant_range.py::test_horizontal_only PASSED                   [ 80%]
tests/test_slant_range.py::test_vertical_only PASSED                     [ 81%]
tests/test_slant_range.py::test_3_4_5_triangle PASSED                    [ 82%]
tests/test_slant_range.py::test_symmetry PASSED                          [ 82%]
tests/test_strategies.py::TestStrategySelection::test_linear_model_has_linear_strategy PASSED [ 83%]
tests/test_strategies.py::TestStrategySelection::test_killweb_model_has_killweb_strategy PASSED [ 84%]
tests/test_strategies.py::TestStrategySelection::test_both_are_architecture_strategy PASSED [ 84%]
tests/test_strategies.py::TestRedundancyFactor::test_linear_redundancy_factor PASSED [ 85%]
tests/test_strategies.py::TestRedundancyFactor::test_killweb_redundancy_factor PASSED [ 86%]
tests/test_strategies.py::TestRedundancyFactor::test_model_comm_uses_redundancy PASSED [ 86%]
tests/test_strategies.py::TestLinearStrategy::test_topology_builds PASSED [ 87%]
tests/test_strategies.py::TestLinearStrategy::test_fusion_bonus_zero PASSED [ 88%]
tests/test_strategies.py::TestLinearStrategy::test_max_simultaneous_fixed PASSED [ 89%]
tests/test_strategies.py::TestLinearStrategy::test_select_shooter_prefers_high_pk PASSED [ 89%]
tests/test_strategies.py::TestLinearStrategy::test_cop_update_noop PASSED [ 90%]
tests/test_strategies.py::TestLinearStrategy::test_share_plan_noop PASSED [ 91%]
tests/test_strategies.py::TestKillWebStrategy::test_topology_builds PASSED [ 91%]
tests/test_strategies.py::TestKillWebStrategy::test_adaptive_max_shooters_normal PASSED [ 92%]
tests/test_strategies.py::TestKillWebStrategy::test_adaptive_max_shooters_degraded PASSED [ 93%]
tests/test_strategies.py::TestKillWebStrategy::test_adaptive_max_shooters_critical PASSED [ 93%]
tests/test_strategies.py::TestKillWebStrategy::test_cop_update_shares_status PASSED [ 94%]
tests/test_strategies.py::TestKillWebStrategy::test_share_engagement_plan PASSED [ 95%]
tests/test_strategies.py::TestRegistryInModel::test_model_has_registry PASSED [ 95%]
tests/test_strategies.py::TestRegistryInModel::test_registry_loaded PASSED [ 96%]
tests/test_viz.py::TestTacticalVisualizer::test_init_requires_snapshots PASSED [ 97%]
tests/test_viz.py::TestTacticalVisualizer::test_snapshot_data_recorded PASSED [ 97%]
tests/test_viz.py::TestTacticalVisualizer::test_render_frame_no_error PASSED [ 98%]
tests/test_viz.py::TestTacticalVisualizer::test_render_frame_out_of_bounds PASSED [ 99%]
tests/test_viz.py::TestTacticalVisualizer::test_event_timeline_no_error PASSED [100%]

=============================== warnings summary ===============================
tests/test_viz.py::TestTacticalVisualizer::test_event_timeline_no_error
  /home/user/KIDA_ADSIM/modules/viz.py:275: UserWarning: Glyph 49884 (\N{HANGUL SYLLABLE SI}) missing from font(s) DejaVu Sans.
    plt.tight_layout()

tests/test_viz.py::TestTacticalVisualizer::test_event_timeline_no_error
  /home/user/KIDA_ADSIM/modules/viz.py:275: UserWarning: Glyph 48044 (\N{HANGUL SYLLABLE MYUL}) missing from font(s) DejaVu Sans.
    plt.tight_layout()

tests/test_viz.py::TestTacticalVisualizer::test_event_timeline_no_error
  /home/user/KIDA_ADSIM/modules/viz.py:275: UserWarning: Glyph 47112 (\N{HANGUL SYLLABLE RE}) missing from font(s) DejaVu Sans.
    plt.tight_layout()

tests/test_viz.py::TestTacticalVisualizer::test_event_timeline_no_error
  /home/user/KIDA_ADSIM/modules/viz.py:275: UserWarning: Glyph 51060 (\N{HANGUL SYLLABLE I}) missing from font(s) DejaVu Sans.
    plt.tight_layout()

tests/test_viz.py::TestTacticalVisualizer::test_event_timeline_no_error
  /home/user/KIDA_ADSIM/modules/viz.py:275: UserWarning: Glyph 49496 (\N{HANGUL SYLLABLE SYEON}) missing from font(s) DejaVu Sans.
    plt.tight_layout()

tests/test_viz.py::TestTacticalVisualizer::test_event_timeline_no_error
  /home/user/KIDA_ADSIM/modules/viz.py:275: UserWarning: Glyph 44036 (\N{HANGUL SYLLABLE GAN}) missing from font(s) DejaVu Sans.
    plt.tight_layout()

tests/test_viz.py::TestTacticalVisualizer::test_event_timeline_no_error
  /home/user/KIDA_ADSIM/modules/viz.py:275: UserWarning: Glyph 52488 (\N{HANGUL SYLLABLE CO}) missing from font(s) DejaVu Sans.
    plt.tight_layout()

tests/test_viz.py::TestTacticalVisualizer::test_event_timeline_no_error
  /home/user/KIDA_ADSIM/modules/viz.py:275: UserWarning: Glyph 53456 (\N{HANGUL SYLLABLE TAM}) missing from font(s) DejaVu Sans.
    plt.tight_layout()

tests/test_viz.py::TestTacticalVisualizer::test_event_timeline_no_error
  /home/user/KIDA_ADSIM/modules/viz.py:275: UserWarning: Glyph 51648 (\N{HANGUL SYLLABLE JI}) missing from font(s) DejaVu Sans.
    plt.tight_layout()

tests/test_viz.py::TestTacticalVisualizer::test_event_timeline_no_error
  /home/user/KIDA_ADSIM/modules/viz.py:275: UserWarning: Glyph 48372 (\N{HANGUL SYLLABLE BO}) missing from font(s) DejaVu Sans.
    plt.tight_layout()

tests/test_viz.py::TestTacticalVisualizer::test_event_timeline_no_error
  /home/user/KIDA_ADSIM/modules/viz.py:275: UserWarning: Glyph 44256 (\N{HANGUL SYLLABLE GO}) missing from font(s) DejaVu Sans.
    plt.tight_layout()

tests/test_viz.py::TestTacticalVisualizer::test_event_timeline_no_error
  /home/user/KIDA_ADSIM/modules/viz.py:275: UserWarning: Glyph 44368 (\N{HANGUL SYLLABLE GYO}) missing from font(s) DejaVu Sans.
    plt.tight_layout()

tests/test_viz.py::TestTacticalVisualizer::test_event_timeline_no_error
  /home/user/KIDA_ADSIM/modules/viz.py:275: UserWarning: Glyph 51204 (\N{HANGUL SYLLABLE JEON}) missing from font(s) DejaVu Sans.
    plt.tight_layout()

tests/test_viz.py::TestTacticalVisualizer::test_event_timeline_no_error
  /home/user/KIDA_ADSIM/modules/viz.py:275: UserWarning: Glyph 49849 (\N{HANGUL SYLLABLE SEUNG}) missing from font(s) DejaVu Sans.
    plt.tight_layout()

tests/test_viz.py::TestTacticalVisualizer::test_event_timeline_no_error
  /home/user/KIDA_ADSIM/modules/viz.py:275: UserWarning: Glyph 51064 (\N{HANGUL SYLLABLE IN}) missing from font(s) DejaVu Sans.
    plt.tight_layout()

tests/test_viz.py::TestTacticalVisualizer::test_event_timeline_no_error
  /home/user/KIDA_ADSIM/modules/viz.py:275: UserWarning: Glyph 50997 (\N{HANGUL SYLLABLE YUNG}) missing from font(s) DejaVu Sans.
    plt.tight_layout()

tests/test_viz.py::TestTacticalVisualizer::test_event_timeline_no_error
  /home/user/KIDA_ADSIM/modules/viz.py:275: UserWarning: Glyph 54633 (\N{HANGUL SYLLABLE HAB}) missing from font(s) DejaVu Sans.
    plt.tight_layout()

tests/test_viz.py::TestTacticalVisualizer::test_event_timeline_no_error
  /home/user/KIDA_ADSIM/modules/viz.py:275: UserWarning: Glyph 53420 (\N{HANGUL SYLLABLE KIL}) missing from font(s) DejaVu Sans.
    plt.tight_layout()

tests/test_viz.py::TestTacticalVisualizer::test_event_timeline_no_error
  /home/user/KIDA_ADSIM/modules/viz.py:275: UserWarning: Glyph 52404 (\N{HANGUL SYLLABLE CE}) missing from font(s) DejaVu Sans.
    plt.tight_layout()

tests/test_viz.py::TestTacticalVisualizer::test_event_timeline_no_error
  /home/user/KIDA_ADSIM/modules/viz.py:275: UserWarning: Glyph 48292 (\N{HANGUL SYLLABLE BEN}) missing from font(s) DejaVu Sans.
    plt.tight_layout()

tests/test_viz.py::TestTacticalVisualizer::test_event_timeline_no_error
  /home/user/KIDA_ADSIM/modules/viz.py:275: UserWarning: Glyph 53944 (\N{HANGUL SYLLABLE TEU}) missing from font(s) DejaVu Sans.
    plt.tight_layout()

tests/test_viz.py::TestTacticalVisualizer::test_event_timeline_no_error
  /home/user/KIDA_ADSIM/modules/viz.py:275: UserWarning: Glyph 53440 (\N{HANGUL SYLLABLE TA}) missing from font(s) DejaVu Sans.
    plt.tight_layout()

tests/test_viz.py::TestTacticalVisualizer::test_event_timeline_no_error
  /home/user/KIDA_ADSIM/modules/viz.py:275: UserWarning: Glyph 51076 (\N{HANGUL SYLLABLE IM}) missing from font(s) DejaVu Sans.
    plt.tight_layout()

tests/test_viz.py::TestTacticalVisualizer::test_event_timeline_no_error
  /home/user/KIDA_ADSIM/modules/viz.py:275: UserWarning: Glyph 46972 (\N{HANGUL SYLLABLE RA}) missing from font(s) DejaVu Sans.
    plt.tight_layout()

-- Docs: https://docs.pytest.org/en/stable/how-to/capture-warnings.html
====================== 146 passed, 24 warnings in 17.49s =======================
